Determining if the pthread_create exist failed with the following output:
Change Dir: /home/chenfu/RAF_use/build/CMakeFiles/CMakeTmp

Run Build Command:"/usr/bin/make" "cmTC_0404d/fast"
/usr/bin/make -f CMakeFiles/cmTC_0404d.dir/build.make CMakeFiles/cmTC_0404d.dir/build
make[1]: 进入目录“/home/chenfu/RAF_use/build/CMakeFiles/CMakeTmp”
Building C object CMakeFiles/cmTC_0404d.dir/CheckSymbolExists.c.o
/usr/bin/cc    -o CMakeFiles/cmTC_0404d.dir/CheckSymbolExists.c.o   -c /home/chenfu/RAF_use/build/CMakeFiles/CMakeTmp/CheckSymbolExists.c
Linking C executable cmTC_0404d
/usr/bin/cmake -E cmake_link_script CMakeFiles/cmTC_0404d.dir/link.txt --verbose=1
/usr/bin/cc      -rdynamic CMakeFiles/cmTC_0404d.dir/CheckSymbolExists.c.o  -o cmTC_0404d 
CMakeFiles/cmTC_0404d.dir/CheckSymbolExists.c.o：在函数‘main’中：
CheckSymbolExists.c:(.text+0x1b)：对‘pthread_create’未定义的引用
collect2: error: ld returned 1 exit status
CMakeFiles/cmTC_0404d.dir/build.make:97: recipe for target 'cmTC_0404d' failed
make[1]: *** [cmTC_0404d] Error 1
make[1]: 离开目录“/home/chenfu/RAF_use/build/CMakeFiles/CMakeTmp”
Makefile:126: recipe for target 'cmTC_0404d/fast' failed
make: *** [cmTC_0404d/fast] Error 2

File /home/chenfu/RAF_use/build/CMakeFiles/CMakeTmp/CheckSymbolExists.c:
/* */
#include <pthread.h>

int main(int argc, char** argv)
{
  (void)argv;
#ifndef pthread_create
  return ((int*)(&pthread_create))[argc];
#else
  (void)argc;
  return 0;
#endif
}

Determining if the function pthread_create exists in the pthreads failed with the following output:
Change Dir: /home/chenfu/RAF_use/build/CMakeFiles/CMakeTmp

Run Build Command:"/usr/bin/make" "cmTC_2a6ec/fast"
/usr/bin/make -f CMakeFiles/cmTC_2a6ec.dir/build.make CMakeFiles/cmTC_2a6ec.dir/build
make[1]: 进入目录“/home/chenfu/RAF_use/build/CMakeFiles/CMakeTmp”
Building C object CMakeFiles/cmTC_2a6ec.dir/CheckFunctionExists.c.o
/usr/bin/cc   -DCHECK_FUNCTION_EXISTS=pthread_create   -o CMakeFiles/cmTC_2a6ec.dir/CheckFunctionExists.c.o   -c /usr/share/cmake-3.10/Modules/CheckFunctionExists.c
Linking C executable cmTC_2a6ec
/usr/bin/cmake -E cmake_link_script CMakeFiles/cmTC_2a6ec.dir/link.txt --verbose=1
/usr/bin/cc  -DCHECK_FUNCTION_EXISTS=pthread_create    -rdynamic CMakeFiles/cmTC_2a6ec.dir/CheckFunctionExists.c.o  -o cmTC_2a6ec -lpthreads 
/usr/bin/ld: 找不到 -lpthreads
collect2: error: ld returned 1 exit status
CMakeFiles/cmTC_2a6ec.dir/build.make:97: recipe for target 'cmTC_2a6ec' failed
make[1]: *** [cmTC_2a6ec] Error 1
make[1]: 离开目录“/home/chenfu/RAF_use/build/CMakeFiles/CMakeTmp”
Makefile:126: recipe for target 'cmTC_2a6ec/fast' failed
make: *** [cmTC_2a6ec/fast] Error 2


